2024-08-16 18:41:59,153 - INFO - Loading processed data for KNN regression.
2024-08-16 18:41:59,168 - INFO - Running KNN regression and visualization script.
2024-08-16 18:41:59,169 - INFO - Starting KNN regression.
2024-08-16 18:41:59,697 - INFO - Optimal k found: 4
2024-08-16 18:41:59,705 - INFO - KNN regression completed. MSE: 0.16294470736728922
2024-08-16 18:41:59,706 - INFO - KNN Mean Absolute Error [MAE]: 0.1075877918135893
2024-08-16 18:41:59,706 - INFO - KNN R^2 Score: 0.9718025716132295
2024-08-16 18:42:01,659 - INFO - Visualization generated successfully.
2024-08-16 18:42:01,694 - INFO - Script completed.
2024-08-16 18:44:21,103 - INFO - Loading processed data for KNN regression.
2024-08-16 18:44:21,119 - INFO - Running KNN regression and visualization script.
2024-08-16 18:44:21,120 - INFO - Starting KNN regression.
2024-08-16 18:44:21,636 - INFO - Optimal k found: 4
2024-08-16 18:44:21,644 - INFO - KNN regression completed. MSE: 0.16294470736728922
2024-08-16 18:44:21,645 - INFO - KNN Mean Absolute Error [MAE]: 0.1075877918135893
2024-08-16 18:44:21,645 - INFO - KNN R^2 Score: 0.9718025716132295
2024-08-16 18:44:23,517 - INFO - Visualization generated successfully.
2024-08-16 18:44:23,561 - INFO - Script completed.
2024-08-16 18:46:00,734 - INFO - Loading processed data for KNN regression.
2024-08-16 18:46:00,748 - INFO - Running KNN regression and visualization script.
2024-08-16 18:46:00,748 - INFO - Starting KNN regression.
2024-08-16 18:46:01,262 - INFO - Optimal k found: 4
2024-08-16 18:46:01,270 - INFO - KNN regression completed. MSE: 0.16294470736728922
2024-08-16 18:46:01,270 - INFO - KNN Mean Absolute Error [MAE]: 0.1075877918135893
2024-08-16 18:46:01,271 - INFO - KNN R^2 Score: 0.9718025716132295
2024-08-16 18:46:03,156 - INFO - Visualization generated successfully.
2024-08-16 18:46:03,197 - INFO - Script completed.
2024-08-16 18:46:33,694 - INFO - Loading processed data for KNN regression.
2024-08-16 18:46:33,710 - INFO - Running KNN regression and visualization script.
2024-08-16 18:46:33,710 - INFO - Starting KNN regression.
2024-08-16 18:46:34,290 - INFO - Optimal k found: 4
2024-08-16 18:46:34,298 - INFO - KNN regression completed. MSE: 0.16294470736728922
2024-08-16 18:46:34,298 - INFO - KNN Mean Absolute Error [MAE]: 0.1075877918135893
2024-08-16 18:46:34,299 - INFO - KNN R^2 Score: 0.9718025716132295
2024-08-16 18:46:36,190 - INFO - Visualization generated successfully.
2024-08-16 18:46:36,223 - INFO - Script completed.
